Input driver version is 1.0.1
Input device ID: bus 0x3 vendor 0x2575 product 0x1 version 0x110
Input device name: "Weida Hi-Tech CoolTouch System"
Supported events:
  Event type 0 (EV_SYN)
  Event type 1 (EV_KEY)
    Event code 330 (BTN_TOUCH)
  Event type 3 (EV_ABS)
    Event code 0 (ABS_X)
      Value  10926
      Min        0
      Max    32767
      Resolution     118
    Event code 1 (ABS_Y)
      Value  20091
      Min        0
      Max    32767
      Resolution     210
    Event code 47 (ABS_MT_SLOT)
      Value      0
      Min        0
      Max        9
    Event code 53 (ABS_MT_POSITION_X)
      Value      0
      Min        0
      Max    32767
      Resolution     118
    Event code 54 (ABS_MT_POSITION_Y)
      Value      0
      Min        0
      Max    32767
      Resolution     210
    Event code 57 (ABS_MT_TRACKING_ID)
      Value      0
      Min        0
      Max    65535
  Event type 4 (EV_MSC)
    Event code 5 (MSC_TIMESTAMP)
Properties:
  Property type 1 (INPUT_PROP_DIRECT)
Testing ... (interrupt to exit)
Event: time 1734798833.212701, type 3 (EV_ABS), code 57 (ABS_MT_TRACKING_ID), value 254
Event: time 1734798833.212701, type 3 (EV_ABS), code 53 (ABS_MT_POSITION_X), value 15809
Event: time 1734798833.212701, type 3 (EV_ABS), code 54 (ABS_MT_POSITION_Y), value 15489
Event: time 1734798833.212701, type 1 (EV_KEY), code 330 (BTN_TOUCH), value 1
Event: time 1734798833.212701, type 3 (EV_ABS), code 0 (ABS_X), value 15809
Event: time 1734798833.212701, type 3 (EV_ABS), code 1 (ABS_Y), value 15489
Event: time 1734798833.212701, type 4 (EV_MSC), code 5 (MSC_TIMESTAMP), value 0
Event: time 1734798833.212701, -------------- SYN_REPORT ------------
Event: time 1734798833.220622, type 4 (EV_MSC), code 5 (MSC_TIMESTAMP), value 8300
Event: time 1734798833.220622, -------------- SYN_REPORT ------------
Event: time 1734798833.228644, type 4 (EV_MSC), code 5 (MSC_TIMESTAMP), value 16600
Event: time 1734798833.228644, -------------- SYN_REPORT ------------
Event: time 1734798833.236636, type 4 (EV_MSC), code 5 (MSC_TIMESTAMP), value 25000
Event: time 1734798833.236636, -------------- SYN_REPORT ------------
Event: time 1734798833.245584, type 4 (EV_MSC), code 5 (MSC_TIMESTAMP), value 33300
Event: time 1734798833.245584, -------------- SYN_REPORT ------------
Event: time 1734798833.253646, type 4 (EV_MSC), code 5 (MSC_TIMESTAMP), value 41600
Event: time 1734798833.253646, -------------- SYN_REPORT ------------
Event: time 1734798833.261638, type 4 (EV_MSC), code 5 (MSC_TIMESTAMP), value 50000
Event: time 1734798833.261638, -------------- SYN_REPORT ------------
Event: time 1734798833.270649, type 4 (EV_MSC), code 5 (MSC_TIMESTAMP), value 58400
Event: time 1734798833.270649, -------------- SYN_REPORT ------------
Event: time 1734798833.278624, type 4 (EV_MSC), code 5 (MSC_TIMESTAMP), value 66700
Event: time 1734798833.278624, -------------- SYN_REPORT ------------
Event: time 1734798833.286640, type 4 (EV_MSC), code 5 (MSC_TIMESTAMP), value 75000
Event: time 1734798833.286640, -------------- SYN_REPORT ------------
Event: time 1734798833.295655, type 4 (EV_MSC), code 5 (MSC_TIMESTAMP), value 83100
Event: time 1734798833.295655, -------------- SYN_REPORT ------------
Event: time 1734798833.303650, type 4 (EV_MSC), code 5 (MSC_TIMESTAMP), value 91400
Event: time 1734798833.303650, -------------- SYN_REPORT ------------
Event: time 1734798833.311648, type 4 (EV_MSC), code 5 (MSC_TIMESTAMP), value 99800
Event: time 1734798833.311648, -------------- SYN_REPORT ------------
Event: time 1734798833.319627, type 4 (EV_MSC), code 5 (MSC_TIMESTAMP), value 108100
Event: time 1734798833.319627, -------------- SYN_REPORT ------------
Event: time 1734798833.328582, type 3 (EV_ABS), code 57 (ABS_MT_TRACKING_ID), value -1
Event: time 1734798833.328582, type 1 (EV_KEY), code 330 (BTN_TOUCH), value 0
Event: time 1734798833.328582, type 4 (EV_MSC), code 5 (MSC_TIMESTAMP), value 116400
Event: time 1734798833.328582, -------------- SYN_REPORT ------------
Event: time 1734798838.056733, type 3 (EV_ABS), code 57 (ABS_MT_TRACKING_ID), value 255
Event: time 1734798838.056733, type 3 (EV_ABS), code 53 (ABS_MT_POSITION_X), value 16919
Event: time 1734798838.056733, type 3 (EV_ABS), code 54 (ABS_MT_POSITION_Y), value 16431
Event: time 1734798838.056733, type 1 (EV_KEY), code 330 (BTN_TOUCH), value 1
Event: time 1734798838.056733, type 3 (EV_ABS), code 0 (ABS_X), value 16919
Event: time 1734798838.056733, type 3 (EV_ABS), code 1 (ABS_Y), value 16431
Event: time 1734798838.056733, type 4 (EV_MSC), code 5 (MSC_TIMESTAMP), value 0
Event: time 1734798838.056733, -------------- SYN_REPORT ------------
Event: time 1734798838.065613, type 4 (EV_MSC), code 5 (MSC_TIMESTAMP), value 8400
Event: time 1734798838.065613, -------------- SYN_REPORT ------------
Event: time 1734798838.073625, type 4 (EV_MSC), code 5 (MSC_TIMESTAMP), value 16700
Event: time 1734798838.073625, -------------- SYN_REPORT ------------
Event: time 1734798838.081630, type 4 (EV_MSC), code 5 (MSC_TIMESTAMP), value 25000
Event: time 1734798838.081630, -------------- SYN_REPORT ------------
Event: time 1734798838.090617, type 4 (EV_MSC), code 5 (MSC_TIMESTAMP), value 33300
Event: time 1734798838.090617, -------------- SYN_REPORT ------------
Event: time 1734798838.098603, type 4 (EV_MSC), code 5 (MSC_TIMESTAMP), value 41700
Event: time 1734798838.098603, -------------- SYN_REPORT ------------
Event: time 1734798838.106621, type 4 (EV_MSC), code 5 (MSC_TIMESTAMP), value 50000
Event: time 1734798838.106621, -------------- SYN_REPORT ------------
Event: time 1734798838.115626, type 4 (EV_MSC), code 5 (MSC_TIMESTAMP), value 58300
Event: time 1734798838.115626, -------------- SYN_REPORT ------------
Event: time 1734798838.123621, type 4 (EV_MSC), code 5 (MSC_TIMESTAMP), value 66700
Event: time 1734798838.123621, -------------- SYN_REPORT ------------
Event: time 1734798838.131610, type 4 (EV_MSC), code 5 (MSC_TIMESTAMP), value 75000
Event: time 1734798838.131610, -------------- SYN_REPORT ------------
Event: time 1734798838.139624, type 4 (EV_MSC), code 5 (MSC_TIMESTAMP), value 83400
Event: time 1734798838.139624, -------------- SYN_REPORT ------------
Event: time 1734798838.148623, type 4 (EV_MSC), code 5 (MSC_TIMESTAMP), value 91700
Event: time 1734798838.148623, -------------- SYN_REPORT ------------
Event: time 1734798838.156617, type 4 (EV_MSC), code 5 (MSC_TIMESTAMP), value 100000
Event: time 1734798838.156617, -------------- SYN_REPORT ------------
Event: time 1734798838.164617, type 4 (EV_MSC), code 5 (MSC_TIMESTAMP), value 108400
Event: time 1734798838.164617, -------------- SYN_REPORT ------------
Event: time 1734798838.173622, type 4 (EV_MSC), code 5 (MSC_TIMESTAMP), value 116700
Event: time 1734798838.173622, -------------- SYN_REPORT ------------
Event: time 1734798838.181617, type 4 (EV_MSC), code 5 (MSC_TIMESTAMP), value 125000
Event: time 1734798838.181617, -------------- SYN_REPORT ------------
Event: time 1734798838.189595, type 4 (EV_MSC), code 5 (MSC_TIMESTAMP), value 133300
Event: time 1734798838.189595, -------------- SYN_REPORT ------------
Event: time 1734798838.197632, type 4 (EV_MSC), code 5 (MSC_TIMESTAMP), value 141700
Event: time 1734798838.197632, -------------- SYN_REPORT ------------
Event: time 1734798838.206626, type 4 (EV_MSC), code 5 (MSC_TIMESTAMP), value 150000
Event: time 1734798838.206626, -------------- SYN_REPORT ------------
Event: time 1734798838.214616, type 4 (EV_MSC), code 5 (MSC_TIMESTAMP), value 158300
Event: time 1734798838.214616, -------------- SYN_REPORT ------------
Event: time 1734798838.222619, type 4 (EV_MSC), code 5 (MSC_TIMESTAMP), value 166700
Event: time 1734798838.222619, -------------- SYN_REPORT ------------
Event: time 1734798838.231623, type 4 (EV_MSC), code 5 (MSC_TIMESTAMP), value 175000
Event: time 1734798838.231623, -------------- SYN_REPORT ------------
Event: time 1734798838.239605, type 4 (EV_MSC), code 5 (MSC_TIMESTAMP), value 183400
Event: time 1734798838.239605, -------------- SYN_REPORT ------------
Event: time 1734798838.247581, type 4 (EV_MSC), code 5 (MSC_TIMESTAMP), value 191700
Event: time 1734798838.247581, -------------- SYN_REPORT ------------
Event: time 1734798838.256554, type 4 (EV_MSC), code 5 (MSC_TIMESTAMP), value 200000
Event: time 1734798838.256554, -------------- SYN_REPORT ------------
Event: time 1734798838.264618, type 4 (EV_MSC), code 5 (MSC_TIMESTAMP), value 208300
Event: time 1734798838.264618, -------------- SYN_REPORT ------------
Event: time 1734798838.272516, type 4 (EV_MSC), code 5 (MSC_TIMESTAMP), value 216700
Event: time 1734798838.272516, -------------- SYN_REPORT ------------
Event: time 1734798838.280593, type 4 (EV_MSC), code 5 (MSC_TIMESTAMP), value 225000
Event: time 1734798838.280593, -------------- SYN_REPORT ------------
Event: time 1734798838.289607, type 4 (EV_MSC), code 5 (MSC_TIMESTAMP), value 233400
Event: time 1734798838.289607, -------------- SYN_REPORT ------------
Event: time 1734798838.297594, type 4 (EV_MSC), code 5 (MSC_TIMESTAMP), value 241700
Event: time 1734798838.297594, -------------- SYN_REPORT ------------
Event: time 1734798838.305607, type 4 (EV_MSC), code 5 (MSC_TIMESTAMP), value 250000
Event: time 1734798838.305607, -------------- SYN_REPORT ------------
Event: time 1734798838.314616, type 4 (EV_MSC), code 5 (MSC_TIMESTAMP), value 258300
Event: time 1734798838.314616, -------------- SYN_REPORT ------------
Event: time 1734798838.322586, type 4 (EV_MSC), code 5 (MSC_TIMESTAMP), value 266700
Event: time 1734798838.322586, -------------- SYN_REPORT ------------
Event: time 1734798838.330600, type 4 (EV_MSC), code 5 (MSC_TIMESTAMP), value 275000
Event: time 1734798838.330600, -------------- SYN_REPORT ------------
Event: time 1734798838.338592, type 4 (EV_MSC), code 5 (MSC_TIMESTAMP), value 283400
Event: time 1734798838.338592, -------------- SYN_REPORT ------------
Event: time 1734798838.347615, type 4 (EV_MSC), code 5 (MSC_TIMESTAMP), value 291700
Event: time 1734798838.347615, -------------- SYN_REPORT ------------
Event: time 1734798838.355608, type 4 (EV_MSC), code 5 (MSC_TIMESTAMP), value 300000
Event: time 1734798838.355608, -------------- SYN_REPORT ------------
Event: time 1734798838.363603, type 4 (EV_MSC), code 5 (MSC_TIMESTAMP), value 308400
Event: time 1734798838.363603, -------------- SYN_REPORT ------------
Event: time 1734798838.372632, type 4 (EV_MSC), code 5 (MSC_TIMESTAMP), value 316700
Event: time 1734798838.372632, -------------- SYN_REPORT ------------
Event: time 1734798838.380599, type 4 (EV_MSC), code 5 (MSC_TIMESTAMP), value 325100
Event: time 1734798838.380599, -------------- SYN_REPORT ------------
Event: time 1734798838.388605, type 4 (EV_MSC), code 5 (MSC_TIMESTAMP), value 333400
Event: time 1734798838.388605, -------------- SYN_REPORT ------------
Event: time 1734798838.397629, type 4 (EV_MSC), code 5 (MSC_TIMESTAMP), value 341700
Event: time 1734798838.397629, -------------- SYN_REPORT ------------
Event: time 1734798838.405597, type 4 (EV_MSC), code 5 (MSC_TIMESTAMP), value 350000
Event: time 1734798838.405597, -------------- SYN_REPORT ------------
Event: time 1734798838.413602, type 4 (EV_MSC), code 5 (MSC_TIMESTAMP), value 358400
Event: time 1734798838.413602, -------------- SYN_REPORT ------------
Event: time 1734798838.421591, type 4 (EV_MSC), code 5 (MSC_TIMESTAMP), value 366700
Event: time 1734798838.421591, -------------- SYN_REPORT ------------
Event: time 1734798838.430617, type 4 (EV_MSC), code 5 (MSC_TIMESTAMP), value 375000
Event: time 1734798838.430617, -------------- SYN_REPORT ------------
Event: time 1734798838.438583, type 4 (EV_MSC), code 5 (MSC_TIMESTAMP), value 383400
Event: time 1734798838.438583, -------------- SYN_REPORT ------------
Event: time 1734798838.446518, type 4 (EV_MSC), code 5 (MSC_TIMESTAMP), value 391700
Event: time 1734798838.446518, -------------- SYN_REPORT ------------
Event: time 1734798838.455610, type 4 (EV_MSC), code 5 (MSC_TIMESTAMP), value 400100
Event: time 1734798838.455610, -------------- SYN_REPORT ------------
Event: time 1734798838.463597, type 4 (EV_MSC), code 5 (MSC_TIMESTAMP), value 408400
Event: time 1734798838.463597, -------------- SYN_REPORT ------------
Event: time 1734798838.471568, type 4 (EV_MSC), code 5 (MSC_TIMESTAMP), value 416700
Event: time 1734798838.471568, -------------- SYN_REPORT ------------
Event: time 1734798838.480609, type 4 (EV_MSC), code 5 (MSC_TIMESTAMP), value 425000
Event: time 1734798838.480609, -------------- SYN_REPORT ------------
Event: time 1734798838.488609, type 4 (EV_MSC), code 5 (MSC_TIMESTAMP), value 433400
Event: time 1734798838.488609, -------------- SYN_REPORT ------------
Event: time 1734798838.496608, type 4 (EV_MSC), code 5 (MSC_TIMESTAMP), value 441700
Event: time 1734798838.496608, -------------- SYN_REPORT ------------
Event: time 1734798838.504593, type 4 (EV_MSC), code 5 (MSC_TIMESTAMP), value 450000
Event: time 1734798838.504593, -------------- SYN_REPORT ------------
Event: time 1734798838.513579, type 4 (EV_MSC), code 5 (MSC_TIMESTAMP), value 458400
Event: time 1734798838.513579, -------------- SYN_REPORT ------------
Event: time 1734798838.521610, type 4 (EV_MSC), code 5 (MSC_TIMESTAMP), value 466700
Event: time 1734798838.521610, -------------- SYN_REPORT ------------
Event: time 1734798838.529602, type 4 (EV_MSC), code 5 (MSC_TIMESTAMP), value 475000
Event: time 1734798838.529602, -------------- SYN_REPORT ------------
Event: time 1734798838.538623, type 4 (EV_MSC), code 5 (MSC_TIMESTAMP), value 483400
Event: time 1734798838.538623, -------------- SYN_REPORT ------------
Event: time 1734798838.546622, type 4 (EV_MSC), code 5 (MSC_TIMESTAMP), value 491700
Event: time 1734798838.546622, -------------- SYN_REPORT ------------
Event: time 1734798838.554607, type 4 (EV_MSC), code 5 (MSC_TIMESTAMP), value 500000
Event: time 1734798838.554607, -------------- SYN_REPORT ------------
Event: time 1734798838.562602, type 4 (EV_MSC), code 5 (MSC_TIMESTAMP), value 508400
Event: time 1734798838.562602, -------------- SYN_REPORT ------------
Event: time 1734798838.571624, type 4 (EV_MSC), code 5 (MSC_TIMESTAMP), value 516700
Event: time 1734798838.571624, -------------- SYN_REPORT ------------
Event: time 1734798838.579594, type 4 (EV_MSC), code 5 (MSC_TIMESTAMP), value 525000
Event: time 1734798838.579594, -------------- SYN_REPORT ------------
Event: time 1734798838.587606, type 4 (EV_MSC), code 5 (MSC_TIMESTAMP), value 533400
Event: time 1734798838.587606, -------------- SYN_REPORT ------------
Event: time 1734798838.596623, type 4 (EV_MSC), code 5 (MSC_TIMESTAMP), value 541700
Event: time 1734798838.596623, -------------- SYN_REPORT ------------
Event: time 1734798838.604628, type 4 (EV_MSC), code 5 (MSC_TIMESTAMP), value 550000
Event: time 1734798838.604628, -------------- SYN_REPORT ------------
Event: time 1734798838.612603, type 4 (EV_MSC), code 5 (MSC_TIMESTAMP), value 558400
Event: time 1734798838.612603, -------------- SYN_REPORT ------------
Event: time 1734798838.621602, type 4 (EV_MSC), code 5 (MSC_TIMESTAMP), value 566700
Event: time 1734798838.621602, -------------- SYN_REPORT ------------
Event: time 1734798838.629354, type 4 (EV_MSC), code 5 (MSC_TIMESTAMP), value 575100
Event: time 1734798838.629354, -------------- SYN_REPORT ------------
Event: time 1734798838.637354, type 4 (EV_MSC), code 5 (MSC_TIMESTAMP), value 583400
Event: time 1734798838.637354, -------------- SYN_REPORT ------------
Event: time 1734798838.645615, type 4 (EV_MSC), code 5 (MSC_TIMESTAMP), value 591700
Event: time 1734798838.645615, -------------- SYN_REPORT ------------
Event: time 1734798838.654646, type 4 (EV_MSC), code 5 (MSC_TIMESTAMP), value 600100
Event: time 1734798838.654646, -------------- SYN_REPORT ------------
Event: time 1734798838.662612, type 4 (EV_MSC), code 5 (MSC_TIMESTAMP), value 608200
Event: time 1734798838.662612, -------------- SYN_REPORT ------------
Event: time 1734798838.670614, type 4 (EV_MSC), code 5 (MSC_TIMESTAMP), value 616500
Event: time 1734798838.670614, -------------- SYN_REPORT ------------
Event: time 1734798838.679621, type 4 (EV_MSC), code 5 (MSC_TIMESTAMP), value 624900
Event: time 1734798838.679621, -------------- SYN_REPORT ------------
Event: time 1734798838.687613, type 4 (EV_MSC), code 5 (MSC_TIMESTAMP), value 633200
Event: time 1734798838.687613, -------------- SYN_REPORT ------------
Event: time 1734798838.695610, type 3 (EV_ABS), code 57 (ABS_MT_TRACKING_ID), value -1
Event: time 1734798838.695610, type 1 (EV_KEY), code 330 (BTN_TOUCH), value 0
Event: time 1734798838.695610, type 4 (EV_MSC), code 5 (MSC_TIMESTAMP), value 641500
Event: time 1734798838.695610, -------------- SYN_REPORT ------------
Event: time 1734798840.686463, type 3 (EV_ABS), code 57 (ABS_MT_TRACKING_ID), value 256
Event: time 1734798840.686463, type 3 (EV_ABS), code 53 (ABS_MT_POSITION_X), value 20019
Event: time 1734798840.686463, type 3 (EV_ABS), code 54 (ABS_MT_POSITION_Y), value 14692
Event: time 1734798840.686463, type 1 (EV_KEY), code 330 (BTN_TOUCH), value 1
Event: time 1734798840.686463, type 3 (EV_ABS), code 0 (ABS_X), value 20019
Event: time 1734798840.686463, type 3 (EV_ABS), code 1 (ABS_Y), value 14692
Event: time 1734798840.686463, type 4 (EV_MSC), code 5 (MSC_TIMESTAMP), value 0
Event: time 1734798840.686463, -------------- SYN_REPORT ------------
Event: time 1734798840.694315, type 3 (EV_ABS), code 47 (ABS_MT_SLOT), value 1
Event: time 1734798840.694315, type 3 (EV_ABS), code 57 (ABS_MT_TRACKING_ID), value 257
Event: time 1734798840.694315, type 3 (EV_ABS), code 53 (ABS_MT_POSITION_X), value 12919
Event: time 1734798840.694315, type 3 (EV_ABS), code 54 (ABS_MT_POSITION_Y), value 17077
Event: time 1734798840.694315, type 4 (EV_MSC), code 5 (MSC_TIMESTAMP), value 8400
Event: time 1734798840.694315, -------------- SYN_REPORT ------------
Event: time 1734798840.703430, type 4 (EV_MSC), code 5 (MSC_TIMESTAMP), value 16700
Event: time 1734798840.703430, -------------- SYN_REPORT ------------
Event: time 1734798840.711579, type 4 (EV_MSC), code 5 (MSC_TIMESTAMP), value 25000
Event: time 1734798840.711579, -------------- SYN_REPORT ------------
Event: time 1734798840.719586, type 4 (EV_MSC), code 5 (MSC_TIMESTAMP), value 33400
Event: time 1734798840.719586, -------------- SYN_REPORT ------------
Event: time 1734798840.728612, type 4 (EV_MSC), code 5 (MSC_TIMESTAMP), value 41700
Event: time 1734798840.728612, -------------- SYN_REPORT ------------
Event: time 1734798840.736577, type 4 (EV_MSC), code 5 (MSC_TIMESTAMP), value 50000
Event: time 1734798840.736577, -------------- SYN_REPORT ------------
Event: time 1734798840.744572, type 4 (EV_MSC), code 5 (MSC_TIMESTAMP), value 58400
Event: time 1734798840.744572, -------------- SYN_REPORT ------------
Event: time 1734798840.752547, type 4 (EV_MSC), code 5 (MSC_TIMESTAMP), value 66700
Event: time 1734798840.752547, -------------- SYN_REPORT ------------
Event: time 1734798840.761599, type 4 (EV_MSC), code 5 (MSC_TIMESTAMP), value 75000
Event: time 1734798840.761599, -------------- SYN_REPORT ------------
Event: time 1734798840.769575, type 4 (EV_MSC), code 5 (MSC_TIMESTAMP), value 83400
Event: time 1734798840.769575, -------------- SYN_REPORT ------------
Event: time 1734798840.777562, type 4 (EV_MSC), code 5 (MSC_TIMESTAMP), value 91700
Event: time 1734798840.777562, -------------- SYN_REPORT ------------
Event: time 1734798840.786543, type 4 (EV_MSC), code 5 (MSC_TIMESTAMP), value 100000
Event: time 1734798840.786543, -------------- SYN_REPORT ------------
Event: time 1734798840.794590, type 4 (EV_MSC), code 5 (MSC_TIMESTAMP), value 108400
Event: time 1734798840.794590, -------------- SYN_REPORT ------------
Event: time 1734798840.802579, type 4 (EV_MSC), code 5 (MSC_TIMESTAMP), value 116700
Event: time 1734798840.802579, -------------- SYN_REPORT ------------
Event: time 1734798840.811598, type 4 (EV_MSC), code 5 (MSC_TIMESTAMP), value 125100
Event: time 1734798840.811598, -------------- SYN_REPORT ------------
Event: time 1734798840.819587, type 4 (EV_MSC), code 5 (MSC_TIMESTAMP), value 133400
Event: time 1734798840.819587, -------------- SYN_REPORT ------------
Event: time 1734798840.827598, type 4 (EV_MSC), code 5 (MSC_TIMESTAMP), value 141700
Event: time 1734798840.827598, -------------- SYN_REPORT ------------
Event: time 1734798840.835591, type 4 (EV_MSC), code 5 (MSC_TIMESTAMP), value 150000
Event: time 1734798840.835591, -------------- SYN_REPORT ------------
Event: time 1734798840.844604, type 4 (EV_MSC), code 5 (MSC_TIMESTAMP), value 158400
Event: time 1734798840.844604, -------------- SYN_REPORT ------------
Event: time 1734798840.852589, type 4 (EV_MSC), code 5 (MSC_TIMESTAMP), value 166700
Event: time 1734798840.852589, -------------- SYN_REPORT ------------
Event: time 1734798840.860596, type 4 (EV_MSC), code 5 (MSC_TIMESTAMP), value 175100
Event: time 1734798840.860596, -------------- SYN_REPORT ------------
Event: time 1734798840.869604, type 4 (EV_MSC), code 5 (MSC_TIMESTAMP), value 183400
Event: time 1734798840.869604, -------------- SYN_REPORT ------------
Event: time 1734798840.877605, type 4 (EV_MSC), code 5 (MSC_TIMESTAMP), value 191700
Event: time 1734798840.877605, -------------- SYN_REPORT ------------
Event: time 1734798840.885598, type 4 (EV_MSC), code 5 (MSC_TIMESTAMP), value 200000
Event: time 1734798840.885598, -------------- SYN_REPORT ------------
Event: time 1734798840.893591, type 4 (EV_MSC), code 5 (MSC_TIMESTAMP), value 206700
Event: time 1734798840.893591, -------------- SYN_REPORT ------------
Event: time 1734798840.902613, type 4 (EV_MSC), code 5 (MSC_TIMESTAMP), value 215000
Event: time 1734798840.902613, -------------- SYN_REPORT ------------
Event: time 1734798840.910589, type 4 (EV_MSC), code 5 (MSC_TIMESTAMP), value 223300
Event: time 1734798840.910589, -------------- SYN_REPORT ------------
Event: time 1734798840.918580, type 4 (EV_MSC), code 5 (MSC_TIMESTAMP), value 231600
Event: time 1734798840.918580, -------------- SYN_REPORT ------------
Event: time 1734798840.927613, type 3 (EV_ABS), code 47 (ABS_MT_SLOT), value 0
Event: time 1734798840.927613, type 3 (EV_ABS), code 57 (ABS_MT_TRACKING_ID), value -1
Event: time 1734798840.927613, type 3 (EV_ABS), code 47 (ABS_MT_SLOT), value 1
Event: time 1734798840.927613, type 3 (EV_ABS), code 57 (ABS_MT_TRACKING_ID), value -1
Event: time 1734798840.927613, type 1 (EV_KEY), code 330 (BTN_TOUCH), value 0
Event: time 1734798840.927613, type 4 (EV_MSC), code 5 (MSC_TIMESTAMP), value 239900
Event: time 1734798840.927613, -------------- SYN_REPORT ------------
